Arguments: 
  C:\Program Files\nodejs\node.exe C:\Users\Ajibz\AppData\Roaming\npm\node_modules\yarn\bin\yarn.js install

PATH: 
  C:\Program Files\xampp\php;C:\Program Files\Eclipse Adoptium\jdk-17.0.3.7-hotspot;C:\Program Files (x86)\VMware\VMware Workstation\bin\;C:\Windows\system32;C:\Windows;C:\Windows\System32\Wbem;C:\Windows\System32\WindowsPowerShell\v1.0\;C:\Windows\System32\OpenSSH\;C:\Program Files\nodejs\;C:\Program Files\Git\cmd;C:\Program Files\MongoDB\Server\5.0\bin;C:\Program Files\dotnet\;C:\Program Files\xampp\php;C:\Users\Ajibz\AppData\Roaming\daml\bin;C:\Program Files\Eclipse Adoptium\jdk-17.0.3.7-hotspot\bin;C:\Users\Ajibz\AppData\Local\Programs\Python\Python38-32\Scripts\;C:\Users\Ajibz\AppData\Local\Programs\Python\Python38-32\;C:\Users\Ajibz\AppData\Local\Microsoft\WindowsApps;C:\Users\Ajibz\AppData\Local\Programs\Microsoft VS Code\bin;C:\Users\Ajibz\AppData\Roaming\npm;C:\Program Files\JetBrains\IntelliJ IDEA Community Edition 2022.1.3\bin;;

Yarn version: 
  1.22.19

Node version: 
  16.13.2

Platform: 
  win32 x64

Trace: 
  Error: Client network socket disconnected before secure TLS connection was established
      at connResetException (node:internal/errors:691:14)
      at TLSSocket.onConnectEnd (node:_tls_wrap:1585:19)
      at TLSSocket.emit (node:events:402:35)
      at endReadableNT (node:internal/streams/readable:1343:12)
      at processTicksAndRejections (node:internal/process/task_queues:83:21)

npm manifest: 
  {
    "name": "errandboi",
    "version": "1.0.0",
    "main": "node_modules/expo/AppEntry.js",
    "scripts": {
      "start": "expo start",
      "android": "expo start --android",
      "ios": "expo start --ios",
      "web": "expo start --web",
      "test": "jest --watchAll"
    },
    "jest": {
      "preset": "jest-expo"
    },
    "dependencies": {
      "@expo/vector-icons": "^13.0.0",
      "@react-navigation/bottom-tabs": "^6.0.5",
      "@react-navigation/native": "^6.0.2",
      "@react-navigation/native-stack": "^6.1.0",
      "expo": "~47.0.12",
      "expo-asset": "~8.7.0",
      "expo-constants": "~14.0.2",
      "expo-font": "~11.0.1",
      "expo-linking": "~3.3.0",
      "expo-splash-screen": "~0.17.5",
      "expo-status-bar": "~1.4.2",
      "expo-system-ui": "~2.0.1",
      "expo-web-browser": "~12.0.0",
      "react": "18.1.0",
      "react-dom": "18.1.0",
      "react-native": "0.70.5",
      "react-native-safe-area-context": "4.4.1",
      "react-native-screens": "~3.18.0",
      "react-native-web": "~0.18.9"
    },
    "devDependencies": {
      "@babel/core": "^7.12.9",
      "@types/react": "~18.0.24",
      "@types/react-native": "~0.70.6",
      "jest": "^26.6.3",
      "jest-expo": "~47.0.1",
      "react-test-renderer": "18.1.0",
      "typescript": "^4.6.3"
    },
    "private": true
  }

yarn manifest: 
  No manifest

Lockfile: 
  No lockfile
